# Logfile created on 2014-01-14 10:40:48 -0500 by logger.rb/44203
I, [2014-01-14T10:40:48.089931 #31111]  INFO -- : 0:  rake (10.1.1) from /home/connor/.rvm/gems/ruby-2.1.0/specifications/rake-10.1.1.gemspec
I, [2014-01-14T10:40:48.100778 #31111]  INFO -- : 0:  i18n (0.6.9) from /home/connor/.rvm/gems/ruby-2.1.0/specifications/i18n-0.6.9.gemspec
I, [2014-01-14T10:40:48.276497 #31111]  INFO -- : 0:  minitest (4.7.5) from /home/connor/.rvm/gems/ruby-2.1.0/specifications/minitest-4.7.5.gemspec
I, [2014-01-14T10:40:49.620805 #31111]  INFO -- : 0:  multi_json (1.8.4) from /home/connor/.rvm/gems/ruby-2.1.0/specifications/multi_json-1.8.4.gemspec
I, [2014-01-14T10:40:49.621750 #31111]  INFO -- : 0:  atomic (1.1.14) from /home/connor/.rvm/gems/ruby-2.1.0/specifications/atomic-1.1.14.gemspec
I, [2014-01-14T10:40:49.622464 #31111]  INFO -- : 0:  thread_safe (0.1.3) from /home/connor/.rvm/gems/ruby-2.1.0/specifications/thread_safe-0.1.3.gemspec
I, [2014-01-14T10:40:49.623145 #31111]  INFO -- : 0:  tzinfo (0.3.38) from /home/connor/.rvm/gems/ruby-2.1.0/specifications/tzinfo-0.3.38.gemspec
I, [2014-01-14T10:40:49.623837 #31111]  INFO -- : 0:  activesupport (4.0.2) from /home/connor/.rvm/gems/ruby-2.1.0/specifications/activesupport-4.0.2.gemspec
I, [2014-01-14T10:40:49.624515 #31111]  INFO -- : 0:  builder (3.1.4) from /home/connor/.rvm/gems/ruby-2.1.0/specifications/builder-3.1.4.gemspec
I, [2014-01-14T10:40:49.625228 #31111]  INFO -- : 0:  erubis (2.7.0) from /home/connor/.rvm/gems/ruby-2.1.0/specifications/erubis-2.7.0.gemspec
I, [2014-01-14T10:40:49.625919 #31111]  INFO -- : 0:  rack (1.5.2) from /home/connor/.rvm/gems/ruby-2.1.0/specifications/rack-1.5.2.gemspec
I, [2014-01-14T10:40:49.626597 #31111]  INFO -- : 0:  rack-test (0.6.2) from /home/connor/.rvm/gems/ruby-2.1.0/specifications/rack-test-0.6.2.gemspec
I, [2014-01-14T10:40:49.627273 #31111]  INFO -- : 0:  actionpack (4.0.2) from /home/connor/.rvm/gems/ruby-2.1.0/specifications/actionpack-4.0.2.gemspec
I, [2014-01-14T10:40:49.627954 #31111]  INFO -- : 0:  mime-types (1.25.1) from /home/connor/.rvm/gems/ruby-2.1.0/specifications/mime-types-1.25.1.gemspec
I, [2014-01-14T10:40:49.628618 #31111]  INFO -- : 0:  polyglot (0.3.3) from /home/connor/.rvm/gems/ruby-2.1.0/specifications/polyglot-0.3.3.gemspec
I, [2014-01-14T10:40:49.629345 #31111]  INFO -- : 0:  treetop (1.4.15) from /home/connor/.rvm/gems/ruby-2.1.0/specifications/treetop-1.4.15.gemspec
I, [2014-01-14T10:40:49.630024 #31111]  INFO -- : 0:  mail (2.5.4) from /home/connor/.rvm/gems/ruby-2.1.0/specifications/mail-2.5.4.gemspec
I, [2014-01-14T10:40:49.630692 #31111]  INFO -- : 0:  actionmailer (4.0.2) from /home/connor/.rvm/gems/ruby-2.1.0/specifications/actionmailer-4.0.2.gemspec
I, [2014-01-14T10:40:49.631342 #31111]  INFO -- : 0:  activemodel (4.0.2) from /home/connor/.rvm/gems/ruby-2.1.0/specifications/activemodel-4.0.2.gemspec
I, [2014-01-14T10:40:49.632011 #31111]  INFO -- : 0:  activerecord-deprecated_finders (1.0.3) from /home/connor/.rvm/gems/ruby-2.1.0/specifications/activerecord-deprecated_finders-1.0.3.gemspec
I, [2014-01-14T10:40:49.632716 #31111]  INFO -- : 0:  arel (4.0.1) from /home/connor/.rvm/gems/ruby-2.1.0/specifications/arel-4.0.1.gemspec
I, [2014-01-14T10:40:49.633466 #31111]  INFO -- : 0:  activerecord (4.0.2) from /home/connor/.rvm/gems/ruby-2.1.0/specifications/activerecord-4.0.2.gemspec
I, [2014-01-14T10:40:49.634374 #31111]  INFO -- : 0:  coffee-script-source (1.6.3) from /home/connor/.rvm/gems/ruby-2.1.0/specifications/coffee-script-source-1.6.3.gemspec
I, [2014-01-14T10:40:49.635328 #31111]  INFO -- : 0:  execjs (2.0.2) from /home/connor/.rvm/gems/ruby-2.1.0/specifications/execjs-2.0.2.gemspec
I, [2014-01-14T10:40:49.636210 #31111]  INFO -- : 0:  coffee-script (2.2.0) from /home/connor/.rvm/gems/ruby-2.1.0/specifications/coffee-script-2.2.0.gemspec
I, [2014-01-14T10:40:49.636902 #31111]  INFO -- : 0:  thor (0.18.1) from /home/connor/.rvm/gems/ruby-2.1.0/specifications/thor-0.18.1.gemspec
I, [2014-01-14T10:40:49.637637 #31111]  INFO -- : 0:  railties (4.0.2) from /home/connor/.rvm/gems/ruby-2.1.0/specifications/railties-4.0.2.gemspec
I, [2014-01-14T10:40:49.638354 #31111]  INFO -- : 0:  coffee-rails (4.0.1) from /home/connor/.rvm/gems/ruby-2.1.0/specifications/coffee-rails-4.0.1.gemspec
I, [2014-01-14T10:40:49.639836 #31111]  INFO -- : 0:  hike (1.2.3) from /home/connor/.rvm/gems/ruby-2.1.0/specifications/hike-1.2.3.gemspec
I, [2014-01-14T10:40:49.640615 #31111]  INFO -- : 0:  jbuilder (1.5.3) from /home/connor/.rvm/gems/ruby-2.1.0/specifications/jbuilder-1.5.3.gemspec
I, [2014-01-14T10:40:49.641353 #31111]  INFO -- : 0:  jquery-rails (3.0.4) from /home/connor/.rvm/gems/ruby-2.1.0/specifications/jquery-rails-3.0.4.gemspec
I, [2014-01-14T10:40:54.098454 #31111]  INFO -- : 0:  json (1.8.1) from /home/connor/.rvm/gems/ruby-2.1.0/specifications/json-1.8.1.gemspec
I, [2014-01-14T10:40:54.099623 #31111]  INFO -- : 0:  bundler (1.5.0) from /home/connor/.rvm/gems/ruby-2.1.0@global/specifications/bundler-1.5.0.gemspec
I, [2014-01-14T10:40:54.100504 #31111]  INFO -- : 0:  tilt (1.4.1) from /home/connor/.rvm/gems/ruby-2.1.0/specifications/tilt-1.4.1.gemspec
I, [2014-01-14T10:40:54.102246 #31111]  INFO -- : 0:  sprockets (2.10.1) from /home/connor/.rvm/gems/ruby-2.1.0/specifications/sprockets-2.10.1.gemspec
I, [2014-01-14T10:40:54.120341 #31111]  INFO -- : 0:  sprockets-rails (2.0.1) from /home/connor/.rvm/gems/ruby-2.1.0/specifications/sprockets-rails-2.0.1.gemspec
I, [2014-01-14T10:40:54.122783 #31111]  INFO -- : 0:  rails (4.0.2) from /home/connor/.rvm/gems/ruby-2.1.0/specifications/rails-4.0.2.gemspec
I, [2014-01-14T10:40:56.454249 #31111]  INFO -- : 0:  rdoc (4.1.1) from /home/connor/.rvm/gems/ruby-2.1.0/specifications/rdoc-4.1.1.gemspec
I, [2014-01-14T10:40:56.455065 #31111]  INFO -- : 0:  sass (3.2.13) from /home/connor/.rvm/gems/ruby-2.1.0/specifications/sass-3.2.13.gemspec
I, [2014-01-14T10:40:56.455721 #31111]  INFO -- : 0:  sass-rails (4.0.1) from /home/connor/.rvm/gems/ruby-2.1.0/specifications/sass-rails-4.0.1.gemspec
I, [2014-01-14T10:40:59.054836 #31111]  INFO -- : 0:  sdoc (0.4.0) from /home/connor/.rvm/gems/ruby-2.1.0/specifications/sdoc-0.4.0.gemspec
I, [2014-01-14T10:40:59.056814 #31111]  INFO -- : 0:  sqlite3 (1.3.8) from /home/connor/.rvm/gems/ruby-2.1.0/specifications/sqlite3-1.3.8.gemspec
I, [2014-01-14T10:40:59.899446 #31111]  INFO -- : 0:  turbolinks (2.2.0) from /home/connor/.rvm/gems/ruby-2.1.0/specifications/turbolinks-2.2.0.gemspec
I, [2014-01-14T10:40:59.901444 #31111]  INFO -- : 0:  uglifier (2.4.0) from /home/connor/.rvm/gems/ruby-2.1.0/specifications/uglifier-2.4.0.gemspec
I, [2014-01-14T10:40:59.902983 #31111]  INFO -- : 0:  zurb-foundation (4.3.2) from /home/connor/.rvm/gems/ruby-2.1.0/specifications/zurb-foundation-4.3.2.gemspec
